<?xml version="1.0" encoding="UTF-8"?>
<testng-results ignored="0" total="1" passed="1" failed="0" skipped="0">
  <reporter-output>
  </reporter-output>
  <suite started-at="2026-09-23T23:41:45 CEST" name="Default suite" finished-at="2026-09-23T23:42:06 CEST" duration-ms="21113">
    <groups>
    </groups>
    <test started-at="2026-09-23T23:41:45 CEST" name="Default test" finished-at="2026-09-23T23:42:06 CEST" duration-ms="21113">
      <class name="exp.Project_End2End.Test_BestSeller">
        <test-method is-config="true" signature="openbrowser()[pri:0, instance:exp.Project_End2End.Test_BestSeller@28701274]" started-at="2026-09-23T23:41:45 CEST" name="openbrowser" finished-at="2026-09-23T23:41:57 CEST" duration-ms="12672" status="PASS">
          <reporter-output>
          </reporter-output>
        </test-method> <!-- openbrowser -->
        <test-method signature="bstest1()[pri:0, instance:exp.Project_End2End.Test_BestSeller@28701274]" started-at="2026-09-23T23:41:57 CEST" name="bstest1" finished-at="2026-09-23T23:42:06 CEST" duration-ms="8229" status="PASS">
          <reporter-output>
          </reporter-output>
        </test-method> <!-- bstest1 -->
        <test-method is-config="true" signature="closebrowser()[pri:0, instance:exp.Project_End2End.Test_BestSeller@28701274]" started-at="2026-09-23T23:42:06 CEST" name="closebrowser" finished-at="2026-09-23T23:42:06 CEST" duration-ms="164" status="PASS">
          <reporter-output>
          </reporter-output>
        </test-method> <!-- closebrowser -->
      </class> <!-- exp.Project_End2End.Test_BestSeller -->
    </test> <!-- Default test -->
  </suite> <!-- Default suite -->
</testng-results>
